<?xml version="1.0" encoding="UTF-8"?>
<!-- Generated by org.testng.reporters.JUnitReportReporter -->
<testsuite hostname="larochef" name="com.sfeir.bytecode.ItemHelperTest" tests="3" failures="0" timestamp="20 Sep 2012 10:33:43 GMT" time="0.016" errors="0">
  <testcase name="testNullOrEmptyParameters" time="0.001" classname="com.sfeir.bytecode.ItemHelperTest"/>
  <testcase name="testPrinter" time="0.005" classname="com.sfeir.bytecode.ItemHelperTest"/>
  <testcase name="testNormalExecution" time="0.010" classname="com.sfeir.bytecode.ItemHelperTest"/>
</testsuite> <!-- com.sfeir.bytecode.ItemHelperTest -->
