<?xml version="1.0" encoding="UTF-8"?>
<!-- Generated by org.testng.reporters.JUnitReportReporter -->
<testsuite hostname="larochef" name="com.sfeir.bytecode.CivilityHelperTest" tests="1" failures="0" timestamp="20 Sep 2012 10:33:43 GMT" time="0.012" errors="0">
  <testcase name="testCivilities" time="0.012" classname="com.sfeir.bytecode.CivilityHelperTest"/>
</testsuite> <!-- com.sfeir.bytecode.CivilityHelperTest -->
